[ 2026-04-06 13:34:12,107 ] 38 root -INFO - Exported 2 records from MongoDB
[ 2026-04-06 13:34:13,162 ] 70 root -INFO - Train/test split completed successfully
[ 2026-04-06 13:34:13,212 ] 30 root -INFO - Starting data validation
[ 2026-04-06 13:34:13,212 ] 70 root -INFO - Starting data validation
[ 2026-04-06 13:34:13,218 ] 34 root -INFO - Required number of columns: 4
[ 2026-04-06 13:34:13,218 ] 35 root -INFO - Dataframe has columns: Index(['src_ip', 'dst_ip', 'protocol', 'size'], dtype='object')
[ 2026-04-06 13:34:13,218 ] 34 root -INFO - Required number of columns: 4
[ 2026-04-06 13:34:13,219 ] 35 root -INFO - Dataframe has columns: Index(['src_ip', 'dst_ip', 'protocol', 'size'], dtype='object')
[ 2026-04-06 13:34:13,240 ] 32 root -INFO - Data validation completed successfully
[ 2026-04-06 13:34:13,240 ] 35 root -INFO - Starting data transformation
[ 2026-04-06 13:34:13,279 ] 71 root -INFO - Class distribution before split: {'TCP': 1, 'UDP': 1}
[ 2026-04-06 13:34:13,279 ] 74 root -WARNING - One class has fewer than 2 samples. Falling back to simple split.
[ 2026-04-06 13:34:13,325 ] 37 root -INFO - Saving object to file: Artifacts\04_06_2026_13_34_06\data_transformation\preprocessing_object\preprocessing.pkl
[ 2026-04-06 13:34:13,326 ] 42 root -INFO - Object saved successfully to file: Artifacts\04_06_2026_13_34_06\data_transformation\preprocessing_object\preprocessing.pkl
[ 2026-04-06 13:34:13,326 ] 102 root -INFO - Train set size after SMOTE: 1
[ 2026-04-06 13:34:13,327 ] 103 root -INFO - Class distribution after SMOTE: (array(['TCP'], dtype=object), array([1], dtype=int64))
[ 2026-04-06 13:34:13,327 ] 39 root -INFO - Data transformation completed successfully
[ 2026-04-06 13:34:13,327 ] 41 root -INFO - Starting model training
[ 2026-04-06 13:34:13,330 ] 128 root -WARNING - Training set too small. Switching to anomaly detection.
[ 2026-04-06 13:34:13,515 ] 37 root -INFO - Saving object to file: Artifacts\04_06_2026_13_34_06\model_trainer\trained_model\model.pkl
[ 2026-04-06 13:34:13,516 ] 42 root -INFO - Object saved successfully to file: Artifacts\04_06_2026_13_34_06\model_trainer\trained_model\model.pkl
