[ 2026-04-06 15:47:44,916 ] 38 root -INFO - Exported 2 records from MongoDB
[ 2026-04-06 15:47:44,955 ] 70 root -INFO - Train/test split completed successfully
[ 2026-04-06 15:47:45,007 ] 30 root -INFO - Starting data validation
[ 2026-04-06 15:47:45,008 ] 70 root -INFO - Starting data validation
[ 2026-04-06 15:47:45,011 ] 34 root -INFO - Required number of columns: 4
[ 2026-04-06 15:47:45,011 ] 35 root -INFO - Dataframe has columns: Index(['src_ip', 'dst_ip', 'protocol', 'size'], dtype='object')
[ 2026-04-06 15:47:45,012 ] 34 root -INFO - Required number of columns: 4
[ 2026-04-06 15:47:45,012 ] 35 root -INFO - Dataframe has columns: Index(['src_ip', 'dst_ip', 'protocol', 'size'], dtype='object')
[ 2026-04-06 15:47:45,049 ] 32 root -INFO - Data validation completed successfully
[ 2026-04-06 15:47:45,050 ] 35 root -INFO - Starting data transformation
[ 2026-04-06 15:47:45,062 ] 71 root -INFO - Class distribution before split: {'TCP': 1, 'UDP': 1}
[ 2026-04-06 15:47:45,062 ] 74 root -WARNING - One class has fewer than 2 samples. Falling back to simple split.
[ 2026-04-06 15:47:45,148 ] 37 root -INFO - Saving object to file: Artifacts\04_06_2026_15_47_35\data_transformation\preprocessing_object\preprocessing.pkl
[ 2026-04-06 15:47:45,149 ] 42 root -INFO - Object saved successfully to file: Artifacts\04_06_2026_15_47_35\data_transformation\preprocessing_object\preprocessing.pkl
[ 2026-04-06 15:47:45,149 ] 102 root -INFO - Train set size after SMOTE: 1
[ 2026-04-06 15:47:45,149 ] 103 root -INFO - Class distribution after SMOTE: (array(['TCP'], dtype=object), array([1], dtype=int64))
[ 2026-04-06 15:47:45,149 ] 39 root -INFO - Data transformation completed successfully
[ 2026-04-06 15:47:45,149 ] 41 root -INFO - Starting model training
[ 2026-04-06 15:47:45,171 ] 139 root -WARNING - Training set too small. Switching to anomaly detection.
[ 2026-04-06 15:47:45,243 ] 37 root -INFO - Saving object to file: Artifacts\04_06_2026_15_47_35\model_trainer\trained_model\model.pkl
[ 2026-04-06 15:47:45,245 ] 42 root -INFO - Object saved successfully to file: Artifacts\04_06_2026_15_47_35\model_trainer\trained_model\model.pkl
