[ 2026-04-06 16:45:39,273 ] 1025 httpx -INFO - HTTP Request: POST https://dagshub.com/login/oauth/middleman "HTTP/1.1 200 OK"
[ 2026-04-06 16:45:41,054 ] 1025 httpx -INFO - HTTP Request: POST https://dagshub.com/login/oauth/access_token "HTTP/1.1 200 OK"
[ 2026-04-06 16:45:42,692 ] 1025 httpx -INFO - HTTP Request: GET https://dagshub.com/api/v1/user "HTTP/1.1 200 OK"
[ 2026-04-06 16:45:42,707 ] 107 dagshub -INFO - Accessing as kotacnu007-sudo
[ 2026-04-06 16:45:44,485 ] 1025 httpx -INFO - HTTP Request: GET https://dagshub.com/api/v1/repos/kotacnu007-sudo/networksecurity "HTTP/1.1 200 OK"
[ 2026-04-06 16:45:46,454 ] 1025 httpx -INFO - HTTP Request: GET https://dagshub.com/api/v1/user "HTTP/1.1 200 OK"
[ 2026-04-06 16:45:46,463 ] 107 dagshub -INFO - Initialized MLflow to track repo "kotacnu007-sudo/networksecurity"
[ 2026-04-06 16:45:46,466 ] 107 dagshub -INFO - Repository kotacnu007-sudo/networksecurity initialized!
[ 2026-04-06 16:45:48,624 ] 38 root -INFO - Exported 2 records from MongoDB
[ 2026-04-06 16:45:50,632 ] 70 root -INFO - Train/test split completed successfully
[ 2026-04-06 16:45:53,586 ] 30 root -INFO - Starting data validation
[ 2026-04-06 16:45:53,587 ] 70 root -INFO - Starting data validation
[ 2026-04-06 16:45:53,600 ] 34 root -INFO - Required number of columns: 4
[ 2026-04-06 16:45:53,601 ] 35 root -INFO - Dataframe has columns: Index(['src_ip', 'dst_ip', 'protocol', 'size'], dtype='object')
[ 2026-04-06 16:45:53,602 ] 34 root -INFO - Required number of columns: 4
[ 2026-04-06 16:45:53,602 ] 35 root -INFO - Dataframe has columns: Index(['src_ip', 'dst_ip', 'protocol', 'size'], dtype='object')
[ 2026-04-06 16:45:55,927 ] 32 root -INFO - Data validation completed successfully
[ 2026-04-06 16:45:55,928 ] 35 root -INFO - Starting data transformation
[ 2026-04-06 16:45:58,012 ] 71 root -INFO - Class distribution before split: {'TCP': 1, 'UDP': 1}
[ 2026-04-06 16:45:58,558 ] 74 root -WARNING - One class has fewer than 2 samples. Falling back to simple split.
[ 2026-04-06 16:46:00,016 ] 37 root -INFO - Saving object to file: Artifacts\04_06_2026_16_43_47\data_transformation\preprocessing_object\preprocessing.pkl
[ 2026-04-06 16:46:00,315 ] 42 root -INFO - Object saved successfully to file: Artifacts\04_06_2026_16_43_47\data_transformation\preprocessing_object\preprocessing.pkl
[ 2026-04-06 16:46:00,315 ] 102 root -INFO - Train set size after SMOTE: 1
[ 2026-04-06 16:46:00,317 ] 103 root -INFO - Class distribution after SMOTE: (array(['TCP'], dtype=object), array([1], dtype=int64))
[ 2026-04-06 16:46:00,319 ] 39 root -INFO - Data transformation completed successfully
[ 2026-04-06 16:46:00,319 ] 41 root -INFO - Starting model training
[ 2026-04-06 16:46:00,340 ] 147 root -WARNING - Training set too small. Switching to anomaly detection.
[ 2026-04-06 16:46:01,567 ] 37 root -INFO - Saving object to file: Artifacts\04_06_2026_16_43_47\model_trainer\trained_model\model.pkl
[ 2026-04-06 16:46:01,570 ] 42 root -INFO - Object saved successfully to file: Artifacts\04_06_2026_16_43_47\model_trainer\trained_model\model.pkl
