[ 2026-04-06 12:08:12,040 ] 38 root -INFO - Exported 2 records from MongoDB
[ 2026-04-06 12:08:12,782 ] 70 root -INFO - Train/test split completed successfully
[ 2026-04-06 12:08:12,789 ] 29 root -INFO - Starting data validation
[ 2026-04-06 12:08:12,789 ] 70 root -INFO - Starting data validation
[ 2026-04-06 12:08:12,794 ] 34 root -INFO - Required number of columns: 4
[ 2026-04-06 12:08:12,794 ] 35 root -INFO - Dataframe has columns: Index(['src_ip', 'dst_ip', 'protocol', 'size'], dtype='object')
[ 2026-04-06 12:08:12,794 ] 34 root -INFO - Required number of columns: 4
[ 2026-04-06 12:08:12,794 ] 35 root -INFO - Dataframe has columns: Index(['src_ip', 'dst_ip', 'protocol', 'size'], dtype='object')
[ 2026-04-06 12:08:12,815 ] 31 root -INFO - Data validation completed successfully
[ 2026-04-06 12:08:12,815 ] 34 root -INFO - Starting data transformation
[ 2026-04-06 12:08:12,815 ] 77 root -INFO - Entered initiate_data_transformation method of DataTransformation class
[ 2026-04-06 12:08:12,821 ] 44 root -INFO - Entered get_data_transformer_object method of Transformation class
[ 2026-04-06 12:08:12,838 ] 38 root -INFO - Saving object to file: Artifacts\04_06_2026_12_08_11\data_transformation\preprocessing_object\preprocessing.pkl
[ 2026-04-06 12:08:12,839 ] 43 root -INFO - Object saved successfully to file: Artifacts\04_06_2026_12_08_11\data_transformation\preprocessing_object\preprocessing.pkl
[ 2026-04-06 12:08:12,839 ] 38 root -INFO - Saving object to file: Artifacts\04_06_2026_12_08_11\data_transformation\label_encoder.pkl
[ 2026-04-06 12:08:12,840 ] 43 root -INFO - Object saved successfully to file: Artifacts\04_06_2026_12_08_11\data_transformation\label_encoder.pkl
[ 2026-04-06 12:08:12,840 ] 38 root -INFO - Data transformation completed successfully
[ 2026-04-06 12:08:12,840 ] 40 root -INFO - Starting model training
[ 2026-04-06 12:08:12,842 ] 70 root -WARNING - Training data has only one class. Skipping all models.
[ 2026-04-06 12:08:12,842 ] 55 root -WARNING - No valid models found. Training fallback LogisticRegression.
