[ 2026-04-06 15:55:46,583 ] 38 root -INFO - Exported 2 records from MongoDB
[ 2026-04-06 15:55:46,653 ] 70 root -INFO - Train/test split completed successfully
[ 2026-04-06 15:55:46,727 ] 30 root -INFO - Starting data validation
[ 2026-04-06 15:55:46,727 ] 70 root -INFO - Starting data validation
[ 2026-04-06 15:55:46,731 ] 34 root -INFO - Required number of columns: 4
[ 2026-04-06 15:55:46,731 ] 35 root -INFO - Dataframe has columns: Index(['src_ip', 'dst_ip', 'protocol', 'size'], dtype='object')
[ 2026-04-06 15:55:46,731 ] 34 root -INFO - Required number of columns: 4
[ 2026-04-06 15:55:46,731 ] 35 root -INFO - Dataframe has columns: Index(['src_ip', 'dst_ip', 'protocol', 'size'], dtype='object')
[ 2026-04-06 15:55:46,784 ] 32 root -INFO - Data validation completed successfully
[ 2026-04-06 15:55:46,785 ] 35 root -INFO - Starting data transformation
[ 2026-04-06 15:55:46,827 ] 71 root -INFO - Class distribution before split: {'TCP': 1, 'UDP': 1}
[ 2026-04-06 15:55:46,827 ] 74 root -WARNING - One class has fewer than 2 samples. Falling back to simple split.
[ 2026-04-06 15:55:46,916 ] 37 root -INFO - Saving object to file: Artifacts\04_06_2026_15_55_39\data_transformation\preprocessing_object\preprocessing.pkl
[ 2026-04-06 15:55:46,918 ] 42 root -INFO - Object saved successfully to file: Artifacts\04_06_2026_15_55_39\data_transformation\preprocessing_object\preprocessing.pkl
[ 2026-04-06 15:55:46,918 ] 102 root -INFO - Train set size after SMOTE: 1
[ 2026-04-06 15:55:46,919 ] 103 root -INFO - Class distribution after SMOTE: (array(['TCP'], dtype=object), array([1], dtype=int64))
[ 2026-04-06 15:55:46,919 ] 39 root -INFO - Data transformation completed successfully
[ 2026-04-06 15:55:46,919 ] 41 root -INFO - Starting model training
[ 2026-04-06 15:55:46,924 ] 140 root -WARNING - Training set too small. Switching to anomaly detection.
[ 2026-04-06 15:55:47,020 ] 37 root -INFO - Saving object to file: Artifacts\04_06_2026_15_55_39\model_trainer\trained_model\model.pkl
[ 2026-04-06 15:55:47,022 ] 42 root -INFO - Object saved successfully to file: Artifacts\04_06_2026_15_55_39\model_trainer\trained_model\model.pkl
