[ 2026-04-06 17:30:32,452 ] 160 numexpr.utils -INFO - NumExpr defaulting to 8 threads.
[ 2026-04-06 17:30:58,821 ] 38 root -INFO - Exported 2 records from MongoDB
[ 2026-04-06 17:30:58,925 ] 70 root -INFO - Train/test split completed successfully
[ 2026-04-06 17:30:58,985 ] 30 root -INFO - Starting data validation
[ 2026-04-06 17:30:58,985 ] 70 root -INFO - Starting data validation
[ 2026-04-06 17:30:58,988 ] 34 root -INFO - Required number of columns: 4
[ 2026-04-06 17:30:58,988 ] 35 root -INFO - Dataframe has columns: Index(['src_ip', 'dst_ip', 'protocol', 'size'], dtype='object')
[ 2026-04-06 17:30:58,988 ] 34 root -INFO - Required number of columns: 4
[ 2026-04-06 17:30:58,989 ] 35 root -INFO - Dataframe has columns: Index(['src_ip', 'dst_ip', 'protocol', 'size'], dtype='object')
[ 2026-04-06 17:30:59,011 ] 32 root -INFO - Data validation completed successfully
[ 2026-04-06 17:30:59,011 ] 35 root -INFO - Starting data transformation
[ 2026-04-06 17:30:59,021 ] 71 root -INFO - Class distribution before split: {'TCP': 1, 'UDP': 1}
[ 2026-04-06 17:30:59,036 ] 74 root -WARNING - One class has fewer than 2 samples. Falling back to simple split.
[ 2026-04-06 17:30:59,062 ] 37 root -INFO - Saving object to file: Artifacts\04_06_2026_17_30_46\data_transformation\preprocessing_object\preprocessing.pkl
[ 2026-04-06 17:30:59,062 ] 42 root -INFO - Object saved successfully to file: Artifacts\04_06_2026_17_30_46\data_transformation\preprocessing_object\preprocessing.pkl
[ 2026-04-06 17:30:59,062 ] 102 root -INFO - Train set size after SMOTE: 1
[ 2026-04-06 17:30:59,062 ] 103 root -INFO - Class distribution after SMOTE: (array(['TCP'], dtype=object), array([1], dtype=int64))
[ 2026-04-06 17:30:59,062 ] 39 root -INFO - Data transformation completed successfully
[ 2026-04-06 17:30:59,062 ] 41 root -INFO - Starting model training
[ 2026-04-06 17:30:59,062 ] 149 root -WARNING - Training set too small. Switching to anomaly detection.
[ 2026-04-06 17:30:59,651 ] 37 root -INFO - Saving object to file: Artifacts\04_06_2026_17_30_46\model_trainer\trained_model\model.pkl
[ 2026-04-06 17:30:59,653 ] 42 root -INFO - Object saved successfully to file: Artifacts\04_06_2026_17_30_46\model_trainer\trained_model\model.pkl
