[ 2026-04-06 13:30:35,682 ] 38 root -INFO - Exported 2 records from MongoDB
[ 2026-04-06 13:30:35,708 ] 70 root -INFO - Train/test split completed successfully
[ 2026-04-06 13:30:35,727 ] 30 root -INFO - Starting data validation
[ 2026-04-06 13:30:35,728 ] 70 root -INFO - Starting data validation
[ 2026-04-06 13:30:35,742 ] 34 root -INFO - Required number of columns: 4
[ 2026-04-06 13:30:35,743 ] 35 root -INFO - Dataframe has columns: Index(['src_ip', 'dst_ip', 'protocol', 'size'], dtype='object')
[ 2026-04-06 13:30:35,743 ] 34 root -INFO - Required number of columns: 4
[ 2026-04-06 13:30:35,745 ] 35 root -INFO - Dataframe has columns: Index(['src_ip', 'dst_ip', 'protocol', 'size'], dtype='object')
[ 2026-04-06 13:30:35,776 ] 32 root -INFO - Data validation completed successfully
[ 2026-04-06 13:30:35,777 ] 35 root -INFO - Starting data transformation
[ 2026-04-06 13:30:35,796 ] 71 root -INFO - Class distribution before split: {'TCP': 1, 'UDP': 1}
[ 2026-04-06 13:30:35,796 ] 74 root -WARNING - One class has fewer than 2 samples. Falling back to simple split.
[ 2026-04-06 13:30:35,923 ] 37 root -INFO - Saving object to file: Artifacts\04_06_2026_13_30_33\data_transformation\preprocessing_object\preprocessing.pkl
[ 2026-04-06 13:30:35,926 ] 42 root -INFO - Object saved successfully to file: Artifacts\04_06_2026_13_30_33\data_transformation\preprocessing_object\preprocessing.pkl
[ 2026-04-06 13:30:35,926 ] 102 root -INFO - Train set size after SMOTE: 1
[ 2026-04-06 13:30:35,927 ] 103 root -INFO - Class distribution after SMOTE: (array(['TCP'], dtype=object), array([1], dtype=int64))
[ 2026-04-06 13:30:35,928 ] 39 root -INFO - Data transformation completed successfully
[ 2026-04-06 13:30:35,928 ] 41 root -INFO - Starting model training
[ 2026-04-06 13:30:36,029 ] 128 root -WARNING - Training set too small. Switching to anomaly detection.
[ 2026-04-06 13:30:36,129 ] 37 root -INFO - Saving object to file: Artifacts\04_06_2026_13_30_33\model_trainer\trained_model\model.pkl
[ 2026-04-06 13:30:36,132 ] 42 root -INFO - Object saved successfully to file: Artifacts\04_06_2026_13_30_33\model_trainer\trained_model\model.pkl
