[ 2026-04-06 17:57:30,903 ] 160 numexpr.utils -INFO - NumExpr defaulting to 8 threads.
[ 2026-04-06 17:57:35,612 ] 1026 httpx -INFO - HTTP Request: GET https://dagshub.com/api/v1/user "HTTP/1.1 200 OK"
[ 2026-04-06 17:57:35,617 ] 107 dagshub -INFO - Accessing as kotacnu007-sudo
[ 2026-04-06 17:57:36,931 ] 1026 httpx -INFO - HTTP Request: GET https://dagshub.com/api/v1/repos/kotacnu007-sudo/networksecurity "HTTP/1.1 200 OK"
[ 2026-04-06 17:57:38,008 ] 1026 httpx -INFO - HTTP Request: GET https://dagshub.com/api/v1/user "HTTP/1.1 200 OK"
[ 2026-04-06 17:57:38,015 ] 107 dagshub -INFO - Initialized MLflow to track repo "kotacnu007-sudo/networksecurity"
[ 2026-04-06 17:57:38,017 ] 107 dagshub -INFO - Repository kotacnu007-sudo/networksecurity initialized!
[ 2026-04-06 17:57:38,621 ] 38 root -INFO - Exported 2 records from MongoDB
[ 2026-04-06 17:57:38,629 ] 70 root -INFO - Train/test split completed successfully
[ 2026-04-06 17:57:38,635 ] 30 root -INFO - Starting data validation
[ 2026-04-06 17:57:38,635 ] 70 root -INFO - Starting data validation
[ 2026-04-06 17:57:38,639 ] 34 root -INFO - Required number of columns: 4
[ 2026-04-06 17:57:38,639 ] 35 root -INFO - Dataframe has columns: Index(['src_ip', 'dst_ip', 'protocol', 'size'], dtype='object')
[ 2026-04-06 17:57:38,639 ] 34 root -INFO - Required number of columns: 4
[ 2026-04-06 17:57:38,639 ] 35 root -INFO - Dataframe has columns: Index(['src_ip', 'dst_ip', 'protocol', 'size'], dtype='object')
[ 2026-04-06 17:57:38,649 ] 32 root -INFO - Data validation completed successfully
[ 2026-04-06 17:57:38,649 ] 35 root -INFO - Starting data transformation
[ 2026-04-06 17:57:38,656 ] 71 root -INFO - Class distribution before split: {'TCP': 1, 'UDP': 1}
[ 2026-04-06 17:57:38,656 ] 74 root -WARNING - One class has fewer than 2 samples. Falling back to simple split.
[ 2026-04-06 17:57:38,671 ] 37 root -INFO - Saving object to file: Artifacts\04_06_2026_17_57_31\data_transformation\preprocessing_object\preprocessing.pkl
[ 2026-04-06 17:57:38,683 ] 42 root -INFO - Object saved successfully to file: Artifacts\04_06_2026_17_57_31\data_transformation\preprocessing_object\preprocessing.pkl
[ 2026-04-06 17:57:38,683 ] 37 root -INFO - Saving object to file: final_model/preprocessor.pkl
[ 2026-04-06 17:57:38,684 ] 42 root -INFO - Object saved successfully to file: final_model/preprocessor.pkl
[ 2026-04-06 17:57:38,684 ] 103 root -INFO - Train set size after SMOTE: 1
[ 2026-04-06 17:57:38,684 ] 104 root -INFO - Class distribution after SMOTE: (array(['TCP'], dtype=object), array([1], dtype=int64))
[ 2026-04-06 17:57:38,684 ] 39 root -INFO - Data transformation completed successfully
[ 2026-04-06 17:57:38,684 ] 41 root -INFO - Starting model training
[ 2026-04-06 17:57:38,684 ] 151 root -WARNING - Training set too small. Switching to anomaly detection.
[ 2026-04-06 17:57:39,317 ] 37 root -INFO - Saving object to file: Artifacts\04_06_2026_17_57_31\model_trainer\trained_model\model.pkl
[ 2026-04-06 17:57:39,317 ] 42 root -INFO - Object saved successfully to file: Artifacts\04_06_2026_17_57_31\model_trainer\trained_model\model.pkl
