[ 2026-04-06 17:33:05,377 ] 160 numexpr.utils -INFO - NumExpr defaulting to 8 threads.
[ 2026-04-06 17:34:10,982 ] 1026 httpx -INFO - HTTP Request: GET https://dagshub.com/api/v1/user "HTTP/1.1 200 OK"
[ 2026-04-06 17:34:11,014 ] 107 dagshub -INFO - Accessing as kotacnu007-sudo
[ 2026-04-06 17:34:12,112 ] 1026 httpx -INFO - HTTP Request: GET https://dagshub.com/api/v1/repos/kotacnu007-sudo/networksecurity "HTTP/1.1 200 OK"
[ 2026-04-06 17:34:13,133 ] 1026 httpx -INFO - HTTP Request: GET https://dagshub.com/api/v1/user "HTTP/1.1 200 OK"
[ 2026-04-06 17:34:13,137 ] 107 dagshub -INFO - Initialized MLflow to track repo "kotacnu007-sudo/networksecurity"
[ 2026-04-06 17:34:13,139 ] 107 dagshub -INFO - Repository kotacnu007-sudo/networksecurity initialized!
[ 2026-04-06 17:34:13,940 ] 38 root -INFO - Exported 2 records from MongoDB
[ 2026-04-06 17:34:14,055 ] 70 root -INFO - Train/test split completed successfully
[ 2026-04-06 17:34:14,106 ] 30 root -INFO - Starting data validation
[ 2026-04-06 17:34:14,106 ] 70 root -INFO - Starting data validation
[ 2026-04-06 17:34:14,111 ] 34 root -INFO - Required number of columns: 4
[ 2026-04-06 17:34:14,111 ] 35 root -INFO - Dataframe has columns: Index(['src_ip', 'dst_ip', 'protocol', 'size'], dtype='object')
[ 2026-04-06 17:34:14,111 ] 34 root -INFO - Required number of columns: 4
[ 2026-04-06 17:34:14,111 ] 35 root -INFO - Dataframe has columns: Index(['src_ip', 'dst_ip', 'protocol', 'size'], dtype='object')
[ 2026-04-06 17:34:14,174 ] 32 root -INFO - Data validation completed successfully
[ 2026-04-06 17:34:14,174 ] 35 root -INFO - Starting data transformation
[ 2026-04-06 17:34:14,190 ] 71 root -INFO - Class distribution before split: {'TCP': 1, 'UDP': 1}
[ 2026-04-06 17:34:14,212 ] 74 root -WARNING - One class has fewer than 2 samples. Falling back to simple split.
[ 2026-04-06 17:34:14,264 ] 37 root -INFO - Saving object to file: Artifacts\04_06_2026_17_33_32\data_transformation\preprocessing_object\preprocessing.pkl
[ 2026-04-06 17:34:14,265 ] 42 root -INFO - Object saved successfully to file: Artifacts\04_06_2026_17_33_32\data_transformation\preprocessing_object\preprocessing.pkl
[ 2026-04-06 17:34:14,265 ] 102 root -INFO - Train set size after SMOTE: 1
[ 2026-04-06 17:34:14,265 ] 103 root -INFO - Class distribution after SMOTE: (array(['TCP'], dtype=object), array([1], dtype=int64))
[ 2026-04-06 17:34:14,266 ] 39 root -INFO - Data transformation completed successfully
[ 2026-04-06 17:34:14,266 ] 41 root -INFO - Starting model training
[ 2026-04-06 17:34:14,269 ] 150 root -WARNING - Training set too small. Switching to anomaly detection.
[ 2026-04-06 17:34:15,250 ] 37 root -INFO - Saving object to file: Artifacts\04_06_2026_17_33_32\model_trainer\trained_model\model.pkl
[ 2026-04-06 17:34:15,264 ] 42 root -INFO - Object saved successfully to file: Artifacts\04_06_2026_17_33_32\model_trainer\trained_model\model.pkl
