[ 2026-04-06 12:04:52,551 ] 38 root -INFO - Exported 2 records from MongoDB
[ 2026-04-06 12:04:52,696 ] 70 root -INFO - Train/test split completed successfully
[ 2026-04-06 12:04:52,727 ] 29 root -INFO - Starting data validation
[ 2026-04-06 12:04:52,727 ] 70 root -INFO - Starting data validation
[ 2026-04-06 12:04:52,731 ] 34 root -INFO - Required number of columns: 4
[ 2026-04-06 12:04:52,731 ] 35 root -INFO - Dataframe has columns: Index(['src_ip', 'dst_ip', 'protocol', 'size'], dtype='object')
[ 2026-04-06 12:04:52,731 ] 34 root -INFO - Required number of columns: 4
[ 2026-04-06 12:04:52,731 ] 35 root -INFO - Dataframe has columns: Index(['src_ip', 'dst_ip', 'protocol', 'size'], dtype='object')
[ 2026-04-06 12:04:52,765 ] 31 root -INFO - Data validation completed successfully
[ 2026-04-06 12:04:52,765 ] 34 root -INFO - Starting data transformation
[ 2026-04-06 12:04:52,765 ] 77 root -INFO - Entered initiate_data_transformation method of DataTransformation class
[ 2026-04-06 12:04:52,770 ] 44 root -INFO - Entered get_data_transformer_object method of Transformation class
[ 2026-04-06 12:04:52,807 ] 37 root -INFO - Saving object to file: Artifacts\04_06_2026_12_04_49\data_transformation\preprocessing_object\preprocessing.pkl
[ 2026-04-06 12:04:52,847 ] 42 root -INFO - Object saved successfully to file: Artifacts\04_06_2026_12_04_49\data_transformation\preprocessing_object\preprocessing.pkl
[ 2026-04-06 12:04:52,848 ] 37 root -INFO - Saving object to file: Artifacts\04_06_2026_12_04_49\data_transformation\label_encoder.pkl
[ 2026-04-06 12:04:52,848 ] 42 root -INFO - Object saved successfully to file: Artifacts\04_06_2026_12_04_49\data_transformation\label_encoder.pkl
[ 2026-04-06 12:04:52,849 ] 38 root -INFO - Data transformation completed successfully
[ 2026-04-06 12:04:52,849 ] 40 root -INFO - Starting model training
[ 2026-04-06 12:04:52,852 ] 71 root -WARNING - Skipping RandomForest: only one class in training data.
[ 2026-04-06 12:04:52,852 ] 71 root -WARNING - Skipping LogisticRegression: only one class in training data.
[ 2026-04-06 12:04:52,852 ] 71 root -WARNING - Skipping SVC: only one class in training data.
