[ 2026-04-01 16:08:58,241 ] 160 numexpr.utils -INFO - NumExpr defaulting to 8 threads.
[ 2026-04-01 16:09:07,550 ] 38 root -INFO - Exported 2 records from MongoDB
[ 2026-04-01 16:09:07,662 ] 70 root -INFO - Train/test split completed successfully
[ 2026-04-01 16:09:07,696 ] 26 root -INFO - Starting data validation
[ 2026-04-01 16:09:07,696 ] 70 root -INFO - Starting data validation
[ 2026-04-01 16:09:07,703 ] 34 root -INFO - Required number of columns: 4
[ 2026-04-01 16:09:07,704 ] 35 root -INFO - Dataframe has columns: Index(['src_ip', 'dst_ip', 'protocol', 'size'], dtype='object')
[ 2026-04-01 16:09:07,704 ] 34 root -INFO - Required number of columns: 4
[ 2026-04-01 16:09:07,704 ] 35 root -INFO - Dataframe has columns: Index(['src_ip', 'dst_ip', 'protocol', 'size'], dtype='object')
[ 2026-04-01 16:09:07,770 ] 28 root -INFO - Data validation completed successfully
[ 2026-04-01 16:09:07,770 ] 31 root -INFO - Starting data transformation
[ 2026-04-01 16:09:07,771 ] 70 root -INFO - Starting data validation
[ 2026-04-01 16:09:07,772 ] 34 root -INFO - Required number of columns: 4
[ 2026-04-01 16:09:07,773 ] 35 root -INFO - Dataframe has columns: Index(['src_ip', 'dst_ip', 'protocol', 'size'], dtype='object')
[ 2026-04-01 16:09:07,773 ] 34 root -INFO - Required number of columns: 4
[ 2026-04-01 16:09:07,773 ] 35 root -INFO - Dataframe has columns: Index(['src_ip', 'dst_ip', 'protocol', 'size'], dtype='object')
[ 2026-04-01 16:09:07,777 ] 72 root -INFO - Entered initiate_data_transformation method of DataTransformation class
[ 2026-04-01 16:09:07,777 ] 74 root -INFO - Starting data transformation
[ 2026-04-01 16:09:07,781 ] 42 root -INFO - Entered get_data_transformer_object method of Transformation class
[ 2026-04-01 16:09:07,803 ] 48 root -INFO - Saving object to file: Artifacts\04_01_2026_16_09_05\data_transformation\preprocessing_object\preprocessing.pkl
[ 2026-04-01 16:09:07,803 ] 53 root -INFO - Object saved successfully to file: Artifacts\04_01_2026_16_09_05\data_transformation\preprocessing_object\preprocessing.pkl
[ 2026-04-01 16:09:07,803 ] 36 root -INFO - Data transformation completed successfully
