[ 2026-04-06 13:34:29,608 ] 38 root -INFO - Exported 2 records from MongoDB
[ 2026-04-06 13:34:29,637 ] 70 root -INFO - Train/test split completed successfully
[ 2026-04-06 13:34:29,642 ] 30 root -INFO - Starting data validation
[ 2026-04-06 13:34:29,642 ] 70 root -INFO - Starting data validation
[ 2026-04-06 13:34:29,644 ] 34 root -INFO - Required number of columns: 4
[ 2026-04-06 13:34:29,644 ] 35 root -INFO - Dataframe has columns: Index(['src_ip', 'dst_ip', 'protocol', 'size'], dtype='object')
[ 2026-04-06 13:34:29,644 ] 34 root -INFO - Required number of columns: 4
[ 2026-04-06 13:34:29,644 ] 35 root -INFO - Dataframe has columns: Index(['src_ip', 'dst_ip', 'protocol', 'size'], dtype='object')
[ 2026-04-06 13:34:29,652 ] 32 root -INFO - Data validation completed successfully
[ 2026-04-06 13:34:29,652 ] 35 root -INFO - Starting data transformation
[ 2026-04-06 13:34:29,658 ] 71 root -INFO - Class distribution before split: {'TCP': 1, 'UDP': 1}
[ 2026-04-06 13:34:29,658 ] 74 root -WARNING - One class has fewer than 2 samples. Falling back to simple split.
[ 2026-04-06 13:34:29,675 ] 37 root -INFO - Saving object to file: Artifacts\04_06_2026_13_34_28\data_transformation\preprocessing_object\preprocessing.pkl
[ 2026-04-06 13:34:29,676 ] 42 root -INFO - Object saved successfully to file: Artifacts\04_06_2026_13_34_28\data_transformation\preprocessing_object\preprocessing.pkl
[ 2026-04-06 13:34:29,676 ] 102 root -INFO - Train set size after SMOTE: 1
[ 2026-04-06 13:34:29,676 ] 103 root -INFO - Class distribution after SMOTE: (array(['TCP'], dtype=object), array([1], dtype=int64))
[ 2026-04-06 13:34:29,677 ] 39 root -INFO - Data transformation completed successfully
[ 2026-04-06 13:34:29,677 ] 41 root -INFO - Starting model training
[ 2026-04-06 13:34:29,679 ] 128 root -WARNING - Training set too small. Switching to anomaly detection.
[ 2026-04-06 13:34:29,680 ] 37 root -INFO - Saving object to file: Artifacts\04_06_2026_13_34_28\model_trainer\trained_model\model.pkl
[ 2026-04-06 13:34:29,682 ] 42 root -INFO - Object saved successfully to file: Artifacts\04_06_2026_13_34_28\model_trainer\trained_model\model.pkl
