[ 2026-04-06 17:58:44,963 ] 160 numexpr.utils -INFO - NumExpr defaulting to 8 threads.
[ 2026-04-06 17:58:50,503 ] 1026 httpx -INFO - HTTP Request: GET https://dagshub.com/api/v1/user "HTTP/1.1 200 OK"
[ 2026-04-06 17:58:50,528 ] 107 dagshub -INFO - Accessing as kotacnu007-sudo
[ 2026-04-06 17:58:51,730 ] 1026 httpx -INFO - HTTP Request: GET https://dagshub.com/api/v1/repos/kotacnu007-sudo/networksecurity "HTTP/1.1 200 OK"
[ 2026-04-06 17:58:52,784 ] 1026 httpx -INFO - HTTP Request: GET https://dagshub.com/api/v1/user "HTTP/1.1 200 OK"
[ 2026-04-06 17:58:52,795 ] 107 dagshub -INFO - Initialized MLflow to track repo "kotacnu007-sudo/networksecurity"
[ 2026-04-06 17:58:52,797 ] 107 dagshub -INFO - Repository kotacnu007-sudo/networksecurity initialized!
[ 2026-04-06 17:58:53,212 ] 38 root -INFO - Exported 2 records from MongoDB
[ 2026-04-06 17:58:53,417 ] 70 root -INFO - Train/test split completed successfully
[ 2026-04-06 17:58:53,426 ] 30 root -INFO - Starting data validation
[ 2026-04-06 17:58:53,426 ] 70 root -INFO - Starting data validation
[ 2026-04-06 17:58:53,430 ] 34 root -INFO - Required number of columns: 4
[ 2026-04-06 17:58:53,430 ] 35 root -INFO - Dataframe has columns: Index(['src_ip', 'dst_ip', 'protocol', 'size'], dtype='object')
[ 2026-04-06 17:58:53,430 ] 34 root -INFO - Required number of columns: 4
[ 2026-04-06 17:58:53,430 ] 35 root -INFO - Dataframe has columns: Index(['src_ip', 'dst_ip', 'protocol', 'size'], dtype='object')
[ 2026-04-06 17:58:53,440 ] 32 root -INFO - Data validation completed successfully
[ 2026-04-06 17:58:53,440 ] 35 root -INFO - Starting data transformation
[ 2026-04-06 17:58:53,445 ] 71 root -INFO - Class distribution before split: {'TCP': 1, 'UDP': 1}
[ 2026-04-06 17:58:53,445 ] 74 root -WARNING - One class has fewer than 2 samples. Falling back to simple split.
[ 2026-04-06 17:58:53,460 ] 37 root -INFO - Saving object to file: Artifacts\04_06_2026_17_58_45\data_transformation\preprocessing_object\preprocessing.pkl
[ 2026-04-06 17:58:53,461 ] 42 root -INFO - Object saved successfully to file: Artifacts\04_06_2026_17_58_45\data_transformation\preprocessing_object\preprocessing.pkl
[ 2026-04-06 17:58:53,461 ] 37 root -INFO - Saving object to file: final_model/preprocessor.pkl
[ 2026-04-06 17:58:53,461 ] 42 root -INFO - Object saved successfully to file: final_model/preprocessor.pkl
[ 2026-04-06 17:58:53,461 ] 103 root -INFO - Train set size after SMOTE: 1
[ 2026-04-06 17:58:53,462 ] 104 root -INFO - Class distribution after SMOTE: (array(['TCP'], dtype=object), array([1], dtype=int64))
[ 2026-04-06 17:58:53,462 ] 39 root -INFO - Data transformation completed successfully
[ 2026-04-06 17:58:53,462 ] 41 root -INFO - Starting model training
[ 2026-04-06 17:58:53,466 ] 151 root -WARNING - Training set too small. Switching to anomaly detection.
[ 2026-04-06 17:58:53,596 ] 37 root -INFO - Saving object to file: Artifacts\04_06_2026_17_58_45\model_trainer\trained_model\model.pkl
[ 2026-04-06 17:58:53,598 ] 42 root -INFO - Object saved successfully to file: Artifacts\04_06_2026_17_58_45\model_trainer\trained_model\model.pkl
