[ 2026-04-06 18:01:55,217 ] 160 numexpr.utils -INFO - NumExpr defaulting to 8 threads.
[ 2026-04-06 18:01:59,985 ] 1026 httpx -INFO - HTTP Request: GET https://dagshub.com/api/v1/user "HTTP/1.1 200 OK"
[ 2026-04-06 18:01:59,985 ] 107 dagshub -INFO - Accessing as kotacnu007-sudo
[ 2026-04-06 18:02:01,021 ] 1026 httpx -INFO - HTTP Request: GET https://dagshub.com/api/v1/repos/kotacnu007-sudo/networksecurity "HTTP/1.1 200 OK"
[ 2026-04-06 18:02:02,078 ] 1026 httpx -INFO - HTTP Request: GET https://dagshub.com/api/v1/user "HTTP/1.1 200 OK"
[ 2026-04-06 18:02:02,084 ] 107 dagshub -INFO - Initialized MLflow to track repo "kotacnu007-sudo/networksecurity"
[ 2026-04-06 18:02:02,089 ] 107 dagshub -INFO - Repository kotacnu007-sudo/networksecurity initialized!
[ 2026-04-06 18:02:02,669 ] 38 root -INFO - Exported 2 records from MongoDB
[ 2026-04-06 18:02:02,669 ] 70 root -INFO - Train/test split completed successfully
[ 2026-04-06 18:02:02,683 ] 30 root -INFO - Starting data validation
[ 2026-04-06 18:02:02,683 ] 70 root -INFO - Starting data validation
[ 2026-04-06 18:02:02,688 ] 34 root -INFO - Required number of columns: 4
[ 2026-04-06 18:02:02,688 ] 35 root -INFO - Dataframe has columns: Index(['src_ip', 'dst_ip', 'protocol', 'size'], dtype='object')
[ 2026-04-06 18:02:02,689 ] 34 root -INFO - Required number of columns: 4
[ 2026-04-06 18:02:02,689 ] 35 root -INFO - Dataframe has columns: Index(['src_ip', 'dst_ip', 'protocol', 'size'], dtype='object')
[ 2026-04-06 18:02:02,697 ] 32 root -INFO - Data validation completed successfully
[ 2026-04-06 18:02:02,697 ] 35 root -INFO - Starting data transformation
[ 2026-04-06 18:02:02,704 ] 71 root -INFO - Class distribution before split: {'TCP': 1, 'UDP': 1}
[ 2026-04-06 18:02:02,704 ] 74 root -WARNING - One class has fewer than 2 samples. Falling back to simple split.
[ 2026-04-06 18:02:02,707 ] 37 root -INFO - Saving object to file: Artifacts\04_06_2026_18_01_56\data_transformation\preprocessing_object\preprocessing.pkl
[ 2026-04-06 18:02:02,719 ] 42 root -INFO - Object saved successfully to file: Artifacts\04_06_2026_18_01_56\data_transformation\preprocessing_object\preprocessing.pkl
[ 2026-04-06 18:02:02,719 ] 37 root -INFO - Saving object to file: final_model/preprocessor.pkl
[ 2026-04-06 18:02:02,720 ] 42 root -INFO - Object saved successfully to file: final_model/preprocessor.pkl
[ 2026-04-06 18:02:02,720 ] 103 root -INFO - Train set size after SMOTE: 1
[ 2026-04-06 18:02:02,720 ] 104 root -INFO - Class distribution after SMOTE: (array(['TCP'], dtype=object), array([1], dtype=int64))
[ 2026-04-06 18:02:02,720 ] 39 root -INFO - Data transformation completed successfully
[ 2026-04-06 18:02:02,720 ] 41 root -INFO - Starting model training
[ 2026-04-06 18:02:02,720 ] 151 root -WARNING - Training set too small. Switching to anomaly detection.
[ 2026-04-06 18:02:02,720 ] 37 root -INFO - Saving object to file: Artifacts\04_06_2026_18_01_56\model_trainer\trained_model\model.pkl
[ 2026-04-06 18:02:02,720 ] 42 root -INFO - Object saved successfully to file: Artifacts\04_06_2026_18_01_56\model_trainer\trained_model\model.pkl
