[ 2026-04-06 18:06:07,664 ] 160 numexpr.utils -INFO - NumExpr defaulting to 8 threads.
[ 2026-04-06 18:06:12,397 ] 1026 httpx -INFO - HTTP Request: GET https://dagshub.com/api/v1/user "HTTP/1.1 200 OK"
[ 2026-04-06 18:06:12,413 ] 107 dagshub -INFO - Accessing as kotacnu007-sudo
[ 2026-04-06 18:06:13,477 ] 1026 httpx -INFO - HTTP Request: GET https://dagshub.com/api/v1/repos/kotacnu007-sudo/networksecurity "HTTP/1.1 200 OK"
[ 2026-04-06 18:06:14,579 ] 1026 httpx -INFO - HTTP Request: GET https://dagshub.com/api/v1/user "HTTP/1.1 200 OK"
[ 2026-04-06 18:06:14,579 ] 107 dagshub -INFO - Initialized MLflow to track repo "kotacnu007-sudo/networksecurity"
[ 2026-04-06 18:06:14,579 ] 107 dagshub -INFO - Repository kotacnu007-sudo/networksecurity initialized!
[ 2026-04-06 18:06:15,065 ] 38 root -INFO - Exported 2 records from MongoDB
[ 2026-04-06 18:06:15,065 ] 70 root -INFO - Train/test split completed successfully
[ 2026-04-06 18:06:15,083 ] 30 root -INFO - Starting data validation
[ 2026-04-06 18:06:15,083 ] 70 root -INFO - Starting data validation
[ 2026-04-06 18:06:15,084 ] 34 root -INFO - Required number of columns: 4
[ 2026-04-06 18:06:15,084 ] 35 root -INFO - Dataframe has columns: Index(['src_ip', 'dst_ip', 'protocol', 'size'], dtype='object')
[ 2026-04-06 18:06:15,084 ] 34 root -INFO - Required number of columns: 4
[ 2026-04-06 18:06:15,084 ] 35 root -INFO - Dataframe has columns: Index(['src_ip', 'dst_ip', 'protocol', 'size'], dtype='object')
[ 2026-04-06 18:06:15,093 ] 32 root -INFO - Data validation completed successfully
[ 2026-04-06 18:06:15,093 ] 35 root -INFO - Starting data transformation
[ 2026-04-06 18:06:15,100 ] 71 root -INFO - Class distribution before split: {'TCP': 1, 'UDP': 1}
[ 2026-04-06 18:06:15,100 ] 74 root -WARNING - One class has fewer than 2 samples. Falling back to simple split.
[ 2026-04-06 18:06:15,194 ] 37 root -INFO - Saving object to file: Artifacts\04_06_2026_18_06_08\data_transformation\preprocessing_object\preprocessing.pkl
[ 2026-04-06 18:06:15,201 ] 42 root -INFO - Object saved successfully to file: Artifacts\04_06_2026_18_06_08\data_transformation\preprocessing_object\preprocessing.pkl
[ 2026-04-06 18:06:15,201 ] 37 root -INFO - Saving object to file: final_model/preprocessor.pkl
[ 2026-04-06 18:06:15,201 ] 42 root -INFO - Object saved successfully to file: final_model/preprocessor.pkl
[ 2026-04-06 18:06:15,201 ] 103 root -INFO - Train set size after SMOTE: 1
[ 2026-04-06 18:06:15,201 ] 104 root -INFO - Class distribution after SMOTE: (array(['TCP'], dtype=object), array([1], dtype=int64))
[ 2026-04-06 18:06:15,201 ] 39 root -INFO - Data transformation completed successfully
[ 2026-04-06 18:06:15,201 ] 41 root -INFO - Starting model training
[ 2026-04-06 18:06:15,201 ] 152 root -WARNING - Training set too small. Switching to anomaly detection.
[ 2026-04-06 18:06:15,211 ] 37 root -INFO - Saving object to file: Artifacts\04_06_2026_18_06_08\model_trainer\trained_model\model.pkl
[ 2026-04-06 18:06:15,212 ] 42 root -INFO - Object saved successfully to file: Artifacts\04_06_2026_18_06_08\model_trainer\trained_model\model.pkl
